
/home/runner/work/exp-find-s-algorithm-iitr/exp-find-s-algorithm-iitr/experiment/simulation/js/script.js
    2:7    warning  'myContainer' is assigned a value but never used  no-unused-vars
   38:10   warning  'addDataToTable' is defined but never used        no-unused-vars
   55:5    warning  'rl' is not defined                               no-undef
   56:17   warning  'rl' is not defined                               no-undef
   57:17   warning  'rl' is not defined                               no-undef
   59:5    warning  'des' is not defined                              no-undef
   60:25   warning  'rl' is not defined                               no-undef
   61:9    warning  'rl' is not defined                               no-undef
   61:51   warning  'rl' is not defined                               no-undef
   61:93   warning  'rl' is not defined                               no-undef
   61:136  warning  'rl' is not defined                               no-undef
   61:179  warning  'rl' is not defined                               no-undef
   67:9    warning  'des' is not defined                              no-undef
   75:9    warning  'des' is not defined                              no-undef
   76:7    warning  'd' is not defined                                no-undef
   77:10   warning  'd' is not defined                                no-undef
   79:9    warning  'd' is not defined                                no-undef
  157:7    warning  'g' is not defined                                no-undef
  161:20   warning  'g' is not defined                                no-undef
  166:3    warning  'data' is not defined                             no-undef
  168:13   warning  'j' is already defined                            no-redeclare
  170:16   warning  'data' is not defined                             no-undef
  181:7    warning  'f' is not defined                                no-undef
  182:13   warning  'f' is not defined                                no-undef
  183:13   warning  'f' is not defined                                no-undef
  189:5    warning  'f' is not defined                                no-undef
  190:5    warning  'f' is not defined                                no-undef
  191:5    warning  'f' is not defined                                no-undef
  193:5    warning  'Swal' is not defined                             no-undef
  215:13   warning  'f' is not defined                                no-undef
  216:13   warning  'f' is not defined                                no-undef
  217:13   warning  'f' is not defined                                no-undef
  232:11   warning  'Swal' is not defined                             no-undef
  256:10   warning  'deleteRow' is defined but never used             no-unused-vars
  265:3    warning  'f' is not defined                                no-undef
  266:5    warning  'f' is not defined                                no-undef
  267:5    warning  'f' is not defined                                no-undef
  329:3    warning  'Swal' is not defined                             no-undef
  346:3    warning  'rl' is not defined                               no-undef
  347:6    warning  'rl' is not defined                               no-undef

/home/runner/work/exp-find-s-algorithm-iitr/exp-find-s-algorithm-iitr/experiment/simulation/js/script1.js
    2:7    warning  'myContainer' is assigned a value but never used  no-unused-vars
   38:10   warning  'addDataToTable' is defined but never used        no-unused-vars
   55:5    warning  'rl' is not defined                               no-undef
   56:17   warning  'rl' is not defined                               no-undef
   57:17   warning  'rl' is not defined                               no-undef
   59:5    warning  'des' is not defined                              no-undef
   60:25   warning  'rl' is not defined                               no-undef
   61:9    warning  'rl' is not defined                               no-undef
   61:55   warning  'rl' is not defined                               no-undef
   61:96   warning  'rl' is not defined                               no-undef
   61:140  warning  'rl' is not defined                               no-undef
   61:182  warning  'rl' is not defined                               no-undef
   61:227  warning  'rl' is not defined                               no-undef
   67:9    warning  'des' is not defined                              no-undef
   75:9    warning  'des' is not defined                              no-undef
   76:7    warning  'd' is not defined                                no-undef
   77:10   warning  'd' is not defined                                no-undef
   79:9    warning  'd' is not defined                                no-undef
  168:7    warning  'g' is not defined                                no-undef
  172:20   warning  'g' is not defined                                no-undef
  177:3    warning  'data' is not defined                             no-undef
  179:13   warning  'j' is already defined                            no-redeclare
  181:16   warning  'data' is not defined                             no-undef
  199:5    warning  'f' is not defined                                no-undef
  200:5    warning  'f' is not defined                                no-undef
  201:5    warning  'f' is not defined                                no-undef
  203:5    warning  'Swal' is not defined                             no-undef
  225:13   warning  'f' is not defined                                no-undef
  226:13   warning  'f' is not defined                                no-undef
  227:13   warning  'f' is not defined                                no-undef
  242:11   warning  'Swal' is not defined                             no-undef
  266:10   warning  'deleteRow' is defined but never used             no-unused-vars
  275:3    warning  'f' is not defined                                no-undef
  276:5    warning  'f' is not defined                                no-undef
  277:5    warning  'f' is not defined                                no-undef
  339:3    warning  'Swal' is not defined                             no-undef
  356:3    warning  'rl' is not defined                               no-undef
  357:6    warning  'rl' is not defined                               no-undef

✖ 78 problems (0 errors, 78 warnings)

